<?xml version="1.0" encoding="UTF-8"?>
<testng-results ignored="0" total="1" passed="1" failed="0" skipped="0">
  <reporter-output>
  </reporter-output>
  <suite started-at="2021-05-25T17:49:58Z" name="Suite" finished-at="2021-05-25T17:50:12Z" duration-ms="13680">
    <groups>
    </groups>
    <test started-at="2021-05-25T17:49:58Z" name="Test" finished-at="2021-05-25T17:50:12Z" duration-ms="13680">
      <class name="example.example.tests.FlightBookingTest">
        <test-method is-config="true" signature="globalSetup()[pri:0, instance:example.example.tests.FlightBookingTest@44ebcd03]" started-at="2021-05-25T17:49:58Z" name="globalSetup" test-instance-name="Flight Book test" finished-at="2021-05-25T17:49:58Z" duration-ms="171" status="PASS">
          <reporter-output>
          </reporter-output>
        </test-method> <!-- globalSetup -->
        <test-method is-config="true" signature="setup()[pri:0, instance:example.example.tests.FlightBookingTest@44ebcd03]" started-at="2021-05-25T17:49:58Z" name="setup" test-instance-name="Flight Book test" finished-at="2021-05-25T17:50:05Z" duration-ms="6156" status="PASS">
          <reporter-output>
          </reporter-output>
        </test-method> <!-- setup -->
        <test-method signature="flightBookinTest()[pri:0, instance:example.example.tests.FlightBookingTest@44ebcd03]" started-at="2021-05-25T17:50:05Z" name="flightBookinTest" description="Flight booking test" test-instance-name="Flight Book test" finished-at="2021-05-25T17:50:11Z" duration-ms="5980" status="PASS">
          <reporter-output>
          </reporter-output>
        </test-method> <!-- flightBookinTest -->
        <test-method is-config="true" signature="wrapUp()[pri:0, instance:example.example.tests.FlightBookingTest@44ebcd03]" started-at="2021-05-25T17:50:11Z" name="wrapUp" test-instance-name="Flight Book test" finished-at="2021-05-25T17:50:12Z" duration-ms="1336" status="PASS">
          <reporter-output>
          </reporter-output>
        </test-method> <!-- wrapUp -->
        <test-method is-config="true" signature="wrapAllUp(org.testng.ITestContext)[pri:0, instance:example.example.tests.FlightBookingTest@44ebcd03]" started-at="2021-05-25T17:50:13Z" name="wrapAllUp" test-instance-name="Flight Book test" finished-at="2021-05-25T17:50:13Z" duration-ms="6" status="PASS">
          <params>
            <param index="0">
              <value>
                <![CDATA[org.testng.TestRunner@1672fe87]]>
              </value>
            </param>
          </params>
          <reporter-output>
          </reporter-output>
        </test-method> <!-- wrapAllUp -->
      </class> <!-- example.example.tests.FlightBookingTest -->
    </test> <!-- Test -->
  </suite> <!-- Suite -->
</testng-results>
