<?xml version="1.0" encoding="UTF-8"?>
<testng-results ignored="0" total="1" passed="1" failed="0" skipped="0">
  <reporter-output>
  </reporter-output>
  <suite started-at="2021-09-05T12:23:00Z" name="Default suite" finished-at="2021-09-05T12:23:06Z" duration-ms="6407">
    <groups>
    </groups>
    <test started-at="2021-09-05T12:23:00Z" name="Default test" finished-at="2021-09-05T12:23:06Z" duration-ms="6407">
      <class name="tests.FlightBookingTest">
        <test-method is-config="true" signature="globalSetup()[pri:0, instance:tests.FlightBookingTest@6ee4d9ab]" started-at="2021-09-05T12:23:00Z" name="globalSetup" test-instance-name="Book a flight" finished-at="2021-09-05T12:23:00Z" duration-ms="86" status="PASS">
          <reporter-output>
          </reporter-output>
        </test-method> <!-- globalSetup -->
        <test-method is-config="true" signature="setup()[pri:0, instance:tests.FlightBookingTest@6ee4d9ab]" started-at="2021-09-05T12:23:00Z" name="setup" test-instance-name="Book a flight" finished-at="2021-09-05T12:23:01Z" duration-ms="1246" status="PASS">
          <reporter-output>
          </reporter-output>
        </test-method> <!-- setup -->
        <test-method signature="ChooseFlight()[pri:0, instance:tests.FlightBookingTest@6ee4d9ab]" started-at="2021-09-05T12:23:01Z" name="ChooseFlight" description="Book a flight and verify the order id" test-instance-name="Book a flight" finished-at="2021-09-05T12:23:06Z" duration-ms="4863" status="PASS">
          <reporter-output>
          </reporter-output>
        </test-method> <!-- ChooseFlight -->
        <test-method is-config="true" signature="wrapUp()[pri:0, instance:tests.FlightBookingTest@6ee4d9ab]" started-at="2021-09-05T12:23:06Z" name="wrapUp" test-instance-name="Book a flight" finished-at="2021-09-05T12:23:06Z" duration-ms="120" status="PASS">
          <reporter-output>
          </reporter-output>
        </test-method> <!-- wrapUp -->
        <test-method is-config="true" signature="wrapAllUp(org.testng.ITestContext)[pri:0, instance:tests.FlightBookingTest@6ee4d9ab]" started-at="2021-09-05T12:23:06Z" name="wrapAllUp" test-instance-name="Book a flight" finished-at="2021-09-05T12:23:06Z" duration-ms="2" status="PASS">
          <params>
            <param index="0">
              <value>
                <![CDATA[org.testng.TestRunner@3c87fdf2]]>
              </value>
            </param>
          </params>
          <reporter-output>
          </reporter-output>
        </test-method> <!-- wrapAllUp -->
      </class> <!-- tests.FlightBookingTest -->
    </test> <!-- Default test -->
  </suite> <!-- Default suite -->
</testng-results>
